{
  "0 debug pnpm:scope": {
    "selected": 3,
    "total": 3,
    "workspacePrefix": "C:\\Users\\t\\Desktop\\Programmieren\\Effect\\Effect-2\\solid-2"
  },
  "1 debug pnpm:package-manifest": {
    "initial": {
      "name": "@lit/lit-starter-ts",
      "private": true,
      "version": "1.0.4",
      "description": "A simple web component",
      "main": "my-element.js",
      "module": "my-element.js",
      "type": "module",
      "scripts": {
        "build": "tsc",
        "build:watch": "tsc --watch",
        "clean": "rimraf my-element.{d.ts,d.ts.map,js,js.map} test/my-element.{d.ts,d.ts.map,js,js.map} test/my-element_test.{d.ts,d.ts.map,js,js.map}",
        "lint": "npm run lint:lit-analyzer && npm run lint:eslint",
        "lint:eslint": "eslint 'src/**/*.ts'",
        "lint:lit-analyzer": "lit-analyzer",
        "format": "prettier \"**/*.{cjs,html,js,json,md,ts}\" --ignore-path ./.eslintignore --write",
        "docs": "npm run docs:clean && npm run build && npm run analyze && npm run docs:build && npm run docs:assets && npm run docs:gen",
        "docs:clean": "rimraf docs",
        "docs:gen": "eleventy --config=.eleventy.cjs",
        "docs:gen:watch": "eleventy --config=.eleventy.cjs --watch",
        "docs:build": "rollup -c --file docs/my-element.bundled.js",
        "docs:assets": "cp node_modules/prismjs/themes/prism-okaidia.css docs/",
        "docs:serve": "wds --root-dir=docs --node-resolve --watch",
        "analyze": "cem analyze --litelement --globs \"src/**/*.ts\"",
        "analyze:watch": "cem analyze --litelement --globs \"src/**/*.ts\" --watch",
        "serve": "wds --watch",
        "serve:prod": "MODE=prod npm run serve",
        "test": "npm run test:dev && npm run test:prod",
        "test:dev": "wtr",
        "test:watch": "wtr --watch",
        "test:prod": "MODE=prod wtr",
        "test:prod:watch": "MODE=prod wtr --watch",
        "checksize": "rollup -c ; cat my-element.bundled.js | gzip -9 | wc -c ; rm my-element.bundled.js"
      },
      "keywords": [
        "web-components",
        "lit-element",
        "typescript",
        "lit"
      ],
      "author": "Google LLC",
      "license": "BSD-3-Clause",
      "dependencies": {
        "@effect/core": "0.0.7",
        "@effect/html": "file:C:/Users/To/Desktop/Programme/Javascript/Effect-lit/apps/html-4/apps/tar/effect-html-0.0.1.tgz",
        "@lit/reactive-element": "^1.4.1",
        "@tsplus/stdlib": "0.2.2",
        "@types/mocha": "^9.1.1",
        "lit": "^2.3.1",
        "lit-element": "^3.2.2",
        "lit-html": "^2.3.1",
        "mocha": "^10.0.0"
      },
      "devDependencies": {
        "@11ty/eleventy": "^1.0.1",
        "@11ty/eleventy-plugin-syntaxhighlight": "^4.0.0",
        "@custom-elements-manifest/analyzer": "^0.6.3",
        "@open-wc/testing": "latest",
        "@rollup/plugin-node-resolve": "^13.3.0",
        "@rollup/plugin-replace": "^4.0.0",
        "@typescript-eslint/eslint-plugin": "^5.25.0",
        "@typescript-eslint/parser": "^5.25.0",
        "@web/dev-server": "^0.1.31",
        "@web/dev-server-legacy": "^1.0.0",
        "@web/test-runner": "^0.13.27",
        "@web/test-runner-playwright": "^0.8.8",
        "@webcomponents/webcomponentsjs": "^2.6.0",
        "eslint": "^8.15.0",
        "lit-analyzer": "^1.2.1",
        "prettier": "^2.6.2",
        "rimraf": "^3.0.2",
        "rollup": "^2.73.0",
        "rollup-plugin-summary": "^1.4.3",
        "rollup-plugin-terser": "^7.0.2",
        "typescript": "~4.7.4"
      },
      "customElements": "custom-elements.json"
    },
    "prefix": "C:\\Users\\t\\Desktop\\Programmieren\\Effect\\Effect-2\\solid-2\\apps"
  },
  "2 debug pnpm:package-manifest": {
    "initial": {
      "name": "root",
      "scripts": {
        "start": "turbo run build dev",
        "dev:b": "turbo run build:watch --filter=./apps/",
        "dev:s": "turbo run serve --filter=./apps/",
        "lint": "turbo run lint",
        "postinstall": "tsplus-install"
      },
      "devDependencies": {
        "@tsplus/installer": "0.0.127",
        "@types/node": "18.0.6",
        "eslint": "7.32.0",
        "prettier": "^2.5.1",
        "turbo": "latest",
        "typescript": "^4.6.3",
        "vitest": "^0.18.1"
      },
      "dependencies": {
        "@effect/html": "^0.0.1"
      }
    },
    "prefix": "C:\\Users\\t\\Desktop\\Programmieren\\Effect\\Effect-2\\solid-2"
  },
  "3 debug pnpm:package-manifest": {
    "initial": {
      "type": "commonjs"
    },
    "prefix": "C:\\Users\\t\\Desktop\\Programmieren\\Effect\\Effect-2\\solid-2\\apps\\docs-src"
  },
  "4 warn pnpm:lockfile": {
    "message": "Your pnpm-lock.yaml was generated by a newer version of pnpm. It is a compatible version but it might get downgraded to version 5.3",
    "prefix": "C:\\Users\\t\\Desktop\\Programmieren\\Effect\\Effect-2\\solid-2"
  },
  "5 debug pnpm:context": {
    "currentLockfileExists": false,
    "storeDir": "C:\\Users\\t\\.pnpm-store\\v3",
    "virtualStoreDir": "C:\\Users\\t\\Desktop\\Programmieren\\Effect\\Effect-2\\solid-2\\node_modules\\.pnpm"
  },
  "6 debug pnpm:stage": {
    "prefix": "C:\\Users\\t\\Desktop\\Programmieren\\Effect\\Effect-2\\solid-2",
    "stage": "resolution_started"
  },
  "7 debug pnpm:_dependency_resolved": {
    "resolution": "registry.npmjs.org/@11ty/eleventy/1.0.2",
    "wanted": {
      "dependentId": "apps",
      "name": "@11ty/eleventy",
      "rawSpec": "^1.0.1"
    }
  },
  "8 debug pnpm:_dependency_resolved": {
    "resolution": "registry.npmjs.org/@11ty/eleventy-plugin-syntaxhighlight/4.1.0",
    "wanted": {
      "dependentId": "apps",
      "name": "@11ty/eleventy-plugin-syntaxhighlight",
      "rawSpec": "^4.0.0"
    }
  },
  "9 debug pnpm:_dependency_resolved": {
    "resolution": "registry.npmjs.org/@custom-elements-manifest/analyzer/0.6.4",
    "wanted": {
      "dependentId": "apps",
      "name": "@custom-elements-manifest/analyzer",
      "rawSpec": "^0.6.3"
    }
  },
  "10 debug pnpm:_dependency_resolved": {
    "resolution": "registry.npmjs.org/@rollup/plugin-node-resolve/13.3.0",
    "wanted": {
      "dependentId": "apps",
      "name": "@rollup/plugin-node-resolve",
      "rawSpec": "^13.3.0"
    }
  },
  "11 debug pnpm:_dependency_resolved": {
    "resolution": "registry.npmjs.org/@rollup/plugin-replace/4.0.0",
    "wanted": {
      "dependentId": "apps",
      "name": "@rollup/plugin-replace",
      "rawSpec": "^4.0.0"
    }
  },
  "12 debug pnpm:_dependency_resolved": {
    "resolution": "registry.npmjs.org/@typescript-eslint/eslint-plugin/5.30.7",
    "wanted": {
      "dependentId": "apps",
      "name": "@typescript-eslint/eslint-plugin",
      "rawSpec": "^5.25.0"
    }
  },
  "13 debug pnpm:_dependency_resolved": {
    "resolution": "registry.npmjs.org/@typescript-eslint/parser/5.30.7",
    "wanted": {
      "dependentId": "apps",
      "name": "@typescript-eslint/parser",
      "rawSpec": "^5.25.0"
    }
  },
  "14 debug pnpm:_dependency_resolved": {
    "resolution": "registry.npmjs.org/@web/dev-server/0.1.34",
    "wanted": {
      "dependentId": "apps",
      "name": "@web/dev-server",
      "rawSpec": "^0.1.31"
    }
  },
  "15 debug pnpm:_dependency_resolved": {
    "resolution": "registry.npmjs.org/@web/dev-server-legacy/1.0.1",
    "wanted": {
      "dependentId": "apps",
      "name": "@web/dev-server-legacy",
      "rawSpec": "^1.0.0"
    }
  },
  "16 debug pnpm:_dependency_resolved": {
    "resolution": "registry.npmjs.org/@web/test-runner/0.13.31",
    "wanted": {
      "dependentId": "apps",
      "name": "@web/test-runner",
      "rawSpec": "^0.13.27"
    }
  },
  "17 debug pnpm:_dependency_resolved": {
    "resolution": "registry.npmjs.org/@web/test-runner-playwright/0.8.10",
    "wanted": {
      "dependentId": "apps",
      "name": "@web/test-runner-playwright",
      "rawSpec": "^0.8.8"
    }
  },
  "18 debug pnpm:_dependency_resolved": {
    "resolution": "registry.npmjs.org/@webcomponents/webcomponentsjs/2.6.0",
    "wanted": {
      "dependentId": "apps",
      "name": "@webcomponents/webcomponentsjs",
      "rawSpec": "^2.6.0"
    }
  },
  "19 debug pnpm:_dependency_resolved": {
    "resolution": "registry.npmjs.org/eslint/8.20.0",
    "wanted": {
      "dependentId": "apps",
      "name": "eslint",
      "rawSpec": "^8.15.0"
    }
  },
  "20 debug pnpm:_dependency_resolved": {
    "resolution": "registry.npmjs.org/lit-analyzer/1.2.1",
    "wanted": {
      "dependentId": "apps",
      "name": "lit-analyzer",
      "rawSpec": "^1.2.1"
    }
  },
  "21 debug pnpm:_dependency_resolved": {
    "resolution": "registry.npmjs.org/prettier/2.7.1",
    "wanted": {
      "dependentId": "apps",
      "name": "prettier",
      "rawSpec": "^2.6.2"
    }
  },
  "22 debug pnpm:_dependency_resolved": {
    "resolution": "registry.npmjs.org/rimraf/3.0.2",
    "wanted": {
      "dependentId": "apps",
      "name": "rimraf",
      "rawSpec": "^3.0.2"
    }
  },
  "23 debug pnpm:_dependency_resolved": {
    "resolution": "registry.npmjs.org/rollup/2.77.0",
    "wanted": {
      "dependentId": "apps",
      "name": "rollup",
      "rawSpec": "^2.73.0"
    }
  },
  "24 debug pnpm:_dependency_resolved": {
    "resolution": "registry.npmjs.org/rollup-plugin-summary/1.4.3",
    "wanted": {
      "dependentId": "apps",
      "name": "rollup-plugin-summary",
      "rawSpec": "^1.4.3"
    }
  },
  "25 debug pnpm:_dependency_resolved": {
    "resolution": "registry.npmjs.org/rollup-plugin-terser/7.0.2",
    "wanted": {
      "dependentId": "apps",
      "name": "rollup-plugin-terser",
      "rawSpec": "^7.0.2"
    }
  },
  "26 debug pnpm:_dependency_resolved": {
    "resolution": "registry.npmjs.org/typescript/4.7.4",
    "wanted": {
      "dependentId": "apps",
      "name": "typescript",
      "rawSpec": "~4.7.4"
    }
  },
  "27 debug pnpm:_dependency_resolved": {
    "resolution": "registry.npmjs.org/@effect/core/0.0.7",
    "wanted": {
      "dependentId": "apps",
      "name": "@effect/core",
      "rawSpec": "0.0.7"
    }
  },
  "28 debug pnpm:_dependency_resolved": {
    "resolution": "registry.npmjs.org/@lit/reactive-element/1.4.1",
    "wanted": {
      "dependentId": "apps",
      "name": "@lit/reactive-element",
      "rawSpec": "^1.4.1"
    }
  },
  "29 debug pnpm:_dependency_resolved": {
    "resolution": "registry.npmjs.org/@tsplus/stdlib/0.2.2",
    "wanted": {
      "dependentId": "apps",
      "name": "@tsplus/stdlib",
      "rawSpec": "0.2.2"
    }
  },
  "30 debug pnpm:_dependency_resolved": {
    "resolution": "registry.npmjs.org/@types/mocha/9.1.1",
    "wanted": {
      "dependentId": "apps",
      "name": "@types/mocha",
      "rawSpec": "^9.1.1"
    }
  },
  "31 debug pnpm:_dependency_resolved": {
    "resolution": "registry.npmjs.org/lit/2.3.1",
    "wanted": {
      "dependentId": "apps",
      "name": "lit",
      "rawSpec": "^2.3.1"
    }
  },
  "32 debug pnpm:_dependency_resolved": {
    "resolution": "registry.npmjs.org/lit-element/3.2.2",
    "wanted": {
      "dependentId": "apps",
      "name": "lit-element",
      "rawSpec": "^3.2.2"
    }
  },
  "33 debug pnpm:_dependency_resolved": {
    "resolution": "registry.npmjs.org/lit-html/2.3.1",
    "wanted": {
      "dependentId": "apps",
      "name": "lit-html",
      "rawSpec": "^2.3.1"
    }
  },
  "34 debug pnpm:_dependency_resolved": {
    "resolution": "registry.npmjs.org/mocha/10.0.0",
    "wanted": {
      "dependentId": "apps",
      "name": "mocha",
      "rawSpec": "^10.0.0"
    }
  },
  "35 debug pnpm:_dependency_resolved": {
    "resolution": "registry.npmjs.org/@tsplus/installer/0.0.127",
    "wanted": {
      "dependentId": ".",
      "name": "@tsplus/installer",
      "rawSpec": "0.0.127"
    }
  },
  "36 debug pnpm:_dependency_resolved": {
    "resolution": "registry.npmjs.org/@types/node/18.0.6",
    "wanted": {
      "dependentId": ".",
      "name": "@types/node",
      "rawSpec": "18.0.6"
    }
  },
  "37 debug pnpm:_dependency_resolved": {
    "resolution": "registry.npmjs.org/eslint/7.32.0",
    "wanted": {
      "dependentId": ".",
      "name": "eslint",
      "rawSpec": "7.32.0"
    }
  },
  "38 debug pnpm:_dependency_resolved": {
    "resolution": "registry.npmjs.org/prettier/2.7.1",
    "wanted": {
      "dependentId": ".",
      "name": "prettier",
      "rawSpec": "^2.5.1"
    }
  },
  "39 debug pnpm:_dependency_resolved": {
    "resolution": "registry.npmjs.org/typescript/4.7.4",
    "wanted": {
      "dependentId": ".",
      "name": "typescript",
      "rawSpec": "^4.6.3"
    }
  },
  "40 debug pnpm:_dependency_resolved": {
    "resolution": "registry.npmjs.org/vitest/0.18.1",
    "wanted": {
      "dependentId": ".",
      "name": "vitest",
      "rawSpec": "^0.18.1"
    }
  },
  "41 error pnpm": {
    "errno": -4058,
    "code": "ENOENT",
    "syscall": "open",
    "path": "C:\\Users\\To\\Desktop\\Programme\\Javascript\\Effect-lit\\apps\\html-4\\apps\\tar\\effect-html-0.0.1.tgz",
    "pkgsStack": [],
    "err": {
      "name": "pnpm",
      "message": "ENOENT: no such file or directory, open 'C:\\Users\\To\\Desktop\\Programme\\Javascript\\Effect-lit\\apps\\html-4\\apps\\tar\\effect-html-0.0.1.tgz'",
      "code": "ENOENT",
      "stack": "Error: ENOENT: no such file or directory, open 'C:\\Users\\To\\Desktop\\Programme\\Javascript\\Effect-lit\\apps\\html-4\\apps\\tar\\effect-html-0.0.1.tgz'"
    }
  }
}